   Compiling proc-macro2 v1.0.106
   Compiling unicode-ident v1.0.24
   Compiling quote v1.0.46
   Compiling version_check v0.9.5
   Compiling autocfg v1.5.1
   Compiling typenum v1.20.1
   Compiling paste v1.0.15
   Compiling const-oid v0.9.6
   Compiling subtle v2.6.1
   Compiling cfg-if v1.0.4
   Compiling zerocopy v0.8.52
   Compiling once_cell v1.21.4
error[E0463]: can't find crate for `core`
error: could not compile `cfg-if` (lib) due to 1 previous error
warning: build failed, waiting for other jobs to finish...
error: could not compile `subtle` (lib) due to 1 previous error
error[E0463]: can't find crate for `std`
error: could not compile `const-oid` (lib) due to 1 previous error
error: could not compile `once_cell` (lib) due to 1 previous error
error: could not compile `typenum` (lib) due to 1 previous error
